Backup completed! All collections have been exported to instantDigitsDB.json.
File ID: 11yTcMg33Gh_zQmTVNdozaZ3dvX3pe53A updated successfully.
Backup completed! All collections have been exported to instantDigitsDB.json.
File ID: 11yTcMg33Gh_zQmTVNdozaZ3dvX3pe53A updated successfully.
Backup completed! All collections have been exported to instantDigitsDB.json.
File ID: 11yTcMg33Gh_zQmTVNdozaZ3dvX3pe53A updated successfully.
[2024-09-08 21:00:02] Backup completed! All collections have been exported to instantDigitsDB.json.
File ID: 11yTcMg33Gh_zQmTVNdozaZ3dvX3pe53A updated successfully.
[2024-09-08 21:00:04] File upload completed successfully.
[2024-09-08 21:01:01] Backup completed! All collections have been exported to instantDigitsDB.json.
File ID: 11yTcMg33Gh_zQmTVNdozaZ3dvX3pe53A updated successfully.
[2024-09-08 21:01:03] File upload completed successfully.
[2024-09-09 00:00:01] Backup completed! All collections have been exported to instantDigitsDB.json.
File ID: 11yTcMg33Gh_zQmTVNdozaZ3dvX3pe53A updated successfully.
[2024-09-09 00:00:03] File upload completed successfully.
[2024-09-09 06:00:01] Backup completed! All collections have been exported to instantDigitsDB.json.
File ID: 11yTcMg33Gh_zQmTVNdozaZ3dvX3pe53A updated successfully.
[2024-09-09 06:00:03] File upload completed successfully.
[2024-09-09 12:00:01] Backup completed! All collections have been exported to instantDigitsDB.json.
File ID: 11yTcMg33Gh_zQmTVNdozaZ3dvX3pe53A updated successfully.
[2024-09-09 12:00:03] File upload completed successfully.
[2024-09-09 18:00:01] Backup completed! All collections have been exported to instantDigitsDB.json.
File ID: 11yTcMg33Gh_zQmTVNdozaZ3dvX3pe53A updated successfully.
[2024-09-09 18:00:03] File upload completed successfully.
[2024-09-10 00:00:01] Backup completed! All collections have been exported to instantDigitsDB.json.
File ID: 11yTcMg33Gh_zQmTVNdozaZ3dvX3pe53A updated successfully.
[2024-09-10 00:00:03] File upload completed successfully.
[2024-09-10 06:00:01] Backup completed! All collections have been exported to instantDigitsDB.json.
File ID: 11yTcMg33Gh_zQmTVNdozaZ3dvX3pe53A updated successfully.
[2024-09-10 06:00:03] File upload completed successfully.
[2024-09-10 12:00:01] Backup completed! All collections have been exported to instantDigitsDB.json.
File ID: 11yTcMg33Gh_zQmTVNdozaZ3dvX3pe53A updated successfully.
[2024-09-10 12:00:03] File upload completed successfully.
[2024-09-10 18:00:01] Backup completed! All collections have been exported to instantDigitsDB.json.
File ID: 11yTcMg33Gh_zQmTVNdozaZ3dvX3pe53A updated successfully.
[2024-09-10 18:00:03] File upload completed successfully.
[2024-09-11 00:00:01] Backup completed! All collections have been exported to instantDigitsDB.json.
File ID: 11yTcMg33Gh_zQmTVNdozaZ3dvX3pe53A updated successfully.
[2024-09-11 00:00:03] File upload completed successfully.
[2024-09-11 06:00:02] Backup completed! All collections have been exported to instantDigitsDB.json.
File ID: 11yTcMg33Gh_zQmTVNdozaZ3dvX3pe53A updated successfully.
[2024-09-11 06:00:04] File upload completed successfully.
[2024-09-11 12:00:02] Backup completed! All collections have been exported to instantDigitsDB.json.
File ID: 11yTcMg33Gh_zQmTVNdozaZ3dvX3pe53A updated successfully.
[2024-09-11 12:00:04] File upload completed successfully.
[2024-09-11 18:00:01] Backup completed! All collections have been exported to instantDigitsDB.json.
File ID: 11yTcMg33Gh_zQmTVNdozaZ3dvX3pe53A updated successfully.
[2024-09-11 18:00:03] File upload completed successfully.
[2024-09-12 00:00:01] Backup completed! All collections have been exported to instantDigitsDB.json.
File ID: 11yTcMg33Gh_zQmTVNdozaZ3dvX3pe53A updated successfully.
[2024-09-12 00:00:06] File upload completed successfully.
[2024-09-12 06:00:01] Backup completed! All collections have been exported to instantDigitsDB.json.
File ID: 11yTcMg33Gh_zQmTVNdozaZ3dvX3pe53A updated successfully.
[2024-09-12 06:00:03] File upload completed successfully.
[2024-09-12 12:00:01] Backup completed! All collections have been exported to instantDigitsDB.json.
File ID: 11yTcMg33Gh_zQmTVNdozaZ3dvX3pe53A updated successfully.
[2024-09-12 12:00:03] File upload completed successfully.
[2024-09-12 18:00:01] Backup completed! All collections have been exported to instantDigitsDB.json.
File ID: 11yTcMg33Gh_zQmTVNdozaZ3dvX3pe53A updated successfully.
[2024-09-12 18:00:03] File upload completed successfully.
[2024-09-13 00:00:01] Backup completed! All collections have been exported to instantDigitsDB.json.
File ID: 11yTcMg33Gh_zQmTVNdozaZ3dvX3pe53A updated successfully.
[2024-09-13 00:00:03] File upload completed successfully.
[2024-09-13 06:00:01] Backup completed! All collections have been exported to instantDigitsDB.json.
File ID: 11yTcMg33Gh_zQmTVNdozaZ3dvX3pe53A updated successfully.
[2024-09-13 06:00:03] File upload completed successfully.
[2024-09-13 12:00:01] Backup completed! All collections have been exported to instantDigitsDB.json.
File ID: 11yTcMg33Gh_zQmTVNdozaZ3dvX3pe53A updated successfully.
[2024-09-13 12:00:03] File upload completed successfully.
[2024-09-13 18:00:01] Backup completed! All collections have been exported to instantDigitsDB.json.
File ID: 11yTcMg33Gh_zQmTVNdozaZ3dvX3pe53A updated successfully.
[2024-09-13 18:00:03] File upload completed successfully.
[2024-09-14 00:00:02] Backup completed! All collections have been exported to instantDigitsDB.json.
File ID: 11yTcMg33Gh_zQmTVNdozaZ3dvX3pe53A updated successfully.
[2024-09-14 00:00:04] File upload completed successfully.
[2024-09-14 06:00:02] Backup completed! All collections have been exported to instantDigitsDB.json.
File ID: 11yTcMg33Gh_zQmTVNdozaZ3dvX3pe53A updated successfully.
[2024-09-14 06:00:04] File upload completed successfully.
[2024-09-14 12:00:02] Backup completed! All collections have been exported to instantDigitsDB.json.
File ID: 11yTcMg33Gh_zQmTVNdozaZ3dvX3pe53A updated successfully.
[2024-09-14 12:00:04] File upload completed successfully.
[2024-09-14 18:00:02] Backup completed! All collections have been exported to instantDigitsDB.json.
File ID: 11yTcMg33Gh_zQmTVNdozaZ3dvX3pe53A updated successfully.
[2024-09-14 18:00:05] File upload completed successfully.
[2024-09-15 00:00:01] Backup completed! All collections have been exported to instantDigitsDB.json.
File ID: 11yTcMg33Gh_zQmTVNdozaZ3dvX3pe53A updated successfully.
[2024-09-15 00:00:03] File upload completed successfully.
[2024-09-15 06:00:01] Backup completed! All collections have been exported to instantDigitsDB.json.
File ID: 11yTcMg33Gh_zQmTVNdozaZ3dvX3pe53A updated successfully.
[2024-09-15 06:00:03] File upload completed successfully.
[2024-09-15 12:00:01] Backup completed! All collections have been exported to instantDigitsDB.json.
File ID: 11yTcMg33Gh_zQmTVNdozaZ3dvX3pe53A updated successfully.
[2024-09-15 12:00:03] File upload completed successfully.
[2024-09-15 18:00:01] Backup completed! All collections have been exported to instantDigitsDB.json.
File ID: 11yTcMg33Gh_zQmTVNdozaZ3dvX3pe53A updated successfully.
[2024-09-15 18:00:03] File upload completed successfully.
[2024-09-16 00:00:02] Backup completed! All collections have been exported to instantDigitsDB.json.
[2024-09-16 00:00:02] An error occurred while uploading the file: ('invalid_grant: Token has been expired or revoked.', {'error': 'invalid_grant', 'error_description': 'Token has been expired or revoked.'})
[2024-09-16 12:00:01] Backup completed! All collections have been exported to instantDigitsDB.json.
[2024-09-16 12:00:01] An error occurred while uploading the file: ('invalid_grant: Token has been expired or revoked.', {'error': 'invalid_grant', 'error_description': 'Token has been expired or revoked.'})
[2024-09-16 18:00:01] Backup completed! All collections have been exported to instantDigitsDB.json.
[2024-09-16 18:00:01] An error occurred while uploading the file: ('invalid_grant: Token has been expired or revoked.', {'error': 'invalid_grant', 'error_description': 'Token has been expired or revoked.'})
[2024-09-17 00:00:01] Backup completed! All collections have been exported to instantDigitsDB.json.
[2024-09-17 00:00:02] An error occurred while uploading the file: ('invalid_grant: Token has been expired or revoked.', {'error': 'invalid_grant', 'error_description': 'Token has been expired or revoked.'})
[2024-09-17 06:00:02] Backup completed! All collections have been exported to instantDigitsDB.json.
[2024-09-17 06:00:02] An error occurred while uploading the file: ('invalid_grant: Token has been expired or revoked.', {'error': 'invalid_grant', 'error_description': 'Token has been expired or revoked.'})
[2024-09-17 12:00:01] Backup completed! All collections have been exported to instantDigitsDB.json.
[2024-09-17 12:00:01] An error occurred while uploading the file: ('invalid_grant: Token has been expired or revoked.', {'error': 'invalid_grant', 'error_description': 'Token has been expired or revoked.'})
[2024-09-17 18:00:01] Backup completed! All collections have been exported to instantDigitsDB.json.
[2024-09-17 18:00:01] An error occurred while uploading the file: ('invalid_grant: Token has been expired or revoked.', {'error': 'invalid_grant', 'error_description': 'Token has been expired or revoked.'})
