MongoDB is running.
{'status': True, 'mes': 'The faces matched', 'accuracy': 83}
{'status': True, 'mes': 'The faces matched', 'accuracy': 83}
{'status': True, 'mes': 'The faces matched', 'accuracy': 84}
{'status': True, 'mes': 'The faces matched', 'accuracy': 79}
No known encodings found. Encoding new face. UID: jana
{'status': False, 'mes': 'The faces did not match'}
No known encodings found. Encoding new face. UID: jana
{'status': False, 'mes': 'More than one face detected, please try again!'}
No known encodings found. Encoding new face. UID: jana
{'status': False, 'mes': 'The face was not detected, please try again!'}
{'status': True, 'mes': 'The faces matched', 'accuracy': 100}
{'status': False, 'mes': 'The faces did not match'}
{'status': False, 'mes': 'The faces did not match'}
{'status': False, 'mes': 'The faces did not match'}
{'status': False, 'mes': 'The face was not detected, please try again!'}
{'status': False, 'mes': 'More than one face detected, please try again!'}
{'status': True, 'mes': 'The faces matched', 'accuracy': 94}
{'status': False, 'mes': 'The faces did not match'}
{'status': True, 'mes': 'The faces matched', 'accuracy': 71}
{'status': True, 'mes': 'The faces matched', 'accuracy': 83}
{'status': False, 'mes': 'The faces did not match'}
{'status': False, 'mes': 'The faces did not match'}
{'status': False, 'mes': 'The faces did not match'}
{'status': False, 'mes': 'The faces did not match'}
{'status': False, 'mes': 'More than one face detected, please try again!'}
{'status': True, 'mes': 'The faces matched', 'accuracy': 100}
{'status': False, 'mes': 'The faces did not match'}
{'status': False, 'mes': 'The face was not detected, please try again!'}
{'status': False, 'mes': 'The faces did not match'}
{'status': False, 'mes': 'The faces did not match'}
{'status': True, 'mes': 'The faces matched', 'accuracy': 94}
{'status': True, 'mes': 'The faces matched', 'accuracy': 100}
{'status': True, 'mes': 'The faces matched', 'accuracy': 100}
{'status': True, 'mes': 'The faces matched', 'accuracy': 81}
MongoDB is running.
{'status': True, 'mes': 'The faces matched', 'accuracy': 76}
{'status': True, 'mes': 'The faces matched', 'accuracy': 82}
No known encodings found. Encoding new face. UID: jana
{'status': True, 'mes': 'The faces matched', 'accuracy': 71}
{'status': False, 'mes': 'The faces did not match'}
{'status': False, 'mes': 'The faces did not match'}
{'status': False, 'mes': 'The face was not detected, please try again!'}
{'status': False, 'mes': 'The faces did not match'}
{'status': False, 'mes': 'The faces did not match'}
{'status': False, 'mes': 'The faces did not match'}
{'status': False, 'mes': 'The faces did not match'}
{'status': False, 'mes': 'More than one face detected, please try again!'}
{'status': True, 'mes': 'The faces matched', 'accuracy': 100}
{'status': True, 'mes': 'The faces matched', 'accuracy': 100}
{'status': True, 'mes': 'The faces matched', 'accuracy': 81}
{'status': True, 'mes': 'The faces matched', 'accuracy': 82}
{'status': True, 'mes': 'The faces matched', 'accuracy': 81}
{'status': False, 'mes': 'The faces did not match'}
{'status': False, 'mes': 'The faces did not match'}
{'status': False, 'mes': 'The faces did not match'}
{'status': False, 'mes': 'More than one face detected, please try again!'}
{'status': False, 'mes': 'The faces did not match'}
{'status': False, 'mes': 'More than one face detected, please try again!'}
{'status': True, 'mes': 'The faces matched', 'accuracy': 100}
{'status': True, 'mes': 'The faces matched', 'accuracy': 93}
{'status': True, 'mes': 'The faces matched', 'accuracy': 100}
{'status': True, 'mes': 'The faces matched', 'accuracy': 73}
{'status': True, 'mes': 'The faces matched', 'accuracy': 76}
MongoDB is running.
{'status': False, 'mes': 'The face was not detected, please try again!'}
{'status': True, 'mes': 'The faces matched', 'accuracy': 80}
{'status': True, 'mes': 'The faces matched', 'accuracy': 85}
No known encodings found. Encoding new face. UID: jana
{'status': False, 'mes': 'The faces did not match'}
{'status': False, 'mes': 'More than one face detected, please try again!'}
{'status': False, 'mes': 'The faces did not match'}
{'status': True, 'mes': 'The faces matched', 'accuracy': 94}
{'status': False, 'mes': 'More than one face detected, please try again!'}
{'status': True, 'mes': 'The faces matched', 'accuracy': 49}
{'status': True, 'mes': 'The faces matched', 'accuracy': 100}
{'status': False, 'mes': 'The face was not detected, please try again!'}
{'status': True, 'mes': 'The faces matched', 'accuracy': 100}
{'status': False, 'mes': 'The faces did not match'}
{'status': False, 'mes': 'More than one face detected, please try again!'}
{'status': True, 'mes': 'The faces matched', 'accuracy': 93}
{'status': True, 'mes': 'The faces matched', 'accuracy': 100}
{'status': True, 'mes': 'The faces matched', 'accuracy': 80}
{'status': False, 'mes': 'The face was not detected, please try again!'}
{'status': False, 'mes': 'More than one face detected, please try again!'}
{'status': False, 'mes': 'The faces did not match'}
{'status': False, 'mes': 'The faces did not match'}
{'status': False, 'mes': 'The faces did not match'}
{'status': False, 'mes': 'The face was not detected, please try again!'}
{'status': True, 'mes': 'The faces matched', 'accuracy': 100}
{'status': True, 'mes': 'The faces matched', 'accuracy': 93}
{'status': True, 'mes': 'The faces matched', 'accuracy': 100}
{'status': True, 'mes': 'The faces matched', 'accuracy': 74}
{'status': True, 'mes': 'The faces matched', 'accuracy': 78}
MongoDB is running.
{'status': True, 'mes': 'The faces matched', 'accuracy': 76}
{'status': True, 'mes': 'The faces matched', 'accuracy': 73}
{'status': True, 'mes': 'The faces matched', 'accuracy': 76}
{'status': False, 'mes': 'The faces did not match'}
No known encodings found. Encoding new face. UID: jana
{'status': False, 'mes': 'The faces did not match'}
{'status': False, 'mes': 'The faces did not match'}
{'status': False, 'mes': 'The faces did not match'}
{'status': False, 'mes': 'The faces did not match'}
{'status': True, 'mes': 'The faces matched', 'accuracy': 100}
{'status': True, 'mes': 'The faces matched', 'accuracy': 100}
{'status': False, 'mes': 'The faces did not match'}
{'status': True, 'mes': 'The faces matched', 'accuracy': 100}
{'status': False, 'mes': 'The faces did not match'}
{'status': True, 'mes': 'The faces matched', 'accuracy': 77}
{'status': True, 'mes': 'The faces matched', 'accuracy': 76}
{'status': True, 'mes': 'The faces matched', 'accuracy': 80}
{'status': False, 'mes': 'The faces did not match'}
{'status': False, 'mes': 'The faces did not match'}
{'status': False, 'mes': 'The faces did not match'}
{'status': True, 'mes': 'The faces matched', 'accuracy': 93}
{'status': False, 'mes': 'The faces did not match'}
{'status': False, 'mes': 'More than one face detected, please try again!'}
{'status': True, 'mes': 'The faces matched', 'accuracy': 94}
{'status': False, 'mes': 'The face was not detected, please try again!'}
{'status': True, 'mes': 'The faces matched', 'accuracy': 62}
MongoDB is running.
{'status': True, 'mes': 'The faces matched', 'accuracy': 76}
{'status': True, 'mes': 'The faces matched', 'accuracy': 80}
{'status': True, 'mes': 'The faces matched', 'accuracy': 81}
{'status': False, 'mes': 'The face was not detected, please try again!'}
No known encodings found. Encoding new face. UID: jana
{'status': False, 'mes': 'More than one face detected, please try again!'}
{'status': False, 'mes': 'The face was not detected, please try again!'}
{'status': True, 'mes': 'The faces matched', 'accuracy': 100}
{'status': True, 'mes': 'The faces matched', 'accuracy': 94}
{'status': False, 'mes': 'The faces did not match'}
{'status': False, 'mes': 'The faces did not match'}
{'status': False, 'mes': 'The faces did not match'}
{'status': False, 'mes': 'The faces did not match'}
{'status': False, 'mes': 'More than one face detected, please try again!'}
{'status': False, 'mes': 'The faces did not match'}
{'status': True, 'mes': 'The faces matched', 'accuracy': 100}
{'status': False, 'mes': 'The faces did not match'}
{'status': True, 'mes': 'The faces matched', 'accuracy': 100}
{'status': True, 'mes': 'The faces matched', 'accuracy': 100}
{'status': True, 'mes': 'The faces matched', 'accuracy': 76}
{'status': True, 'mes': 'The faces matched', 'accuracy': 83}
{'status': False, 'mes': 'The faces did not match'}
{'status': False, 'mes': 'The faces did not match'}
{'status': False, 'mes': 'More than one face detected, please try again!'}
{'status': True, 'mes': 'The faces matched', 'accuracy': 94}
{'status': True, 'mes': 'The faces matched', 'accuracy': 100}
{'status': False, 'mes': 'The face was not detected, please try again!'}
{'status': False, 'mes': 'The faces did not match'}
{'status': False, 'mes': 'The faces did not match'}
{'status': False, 'mes': 'More than one face detected, please try again!'}
{'status': True, 'mes': 'The faces matched', 'accuracy': 100}
{'status': True, 'mes': 'The faces matched', 'accuracy': 82}
MongoDB is running.
{'status': False, 'mes': 'The face was not detected, please try again!'}
{'status': True, 'mes': 'The faces matched', 'accuracy': 85}
{'status': False, 'mes': 'The faces did not match'}
No known encodings found. Encoding new face. UID: jana
{'status': False, 'mes': 'The faces did not match'}
{'status': False, 'mes': 'More than one face detected, please try again!'}
{'status': False, 'mes': 'The face was not detected, please try again!'}
{'status': False, 'mes': 'The faces did not match'}
{'status': True, 'mes': 'The faces matched', 'accuracy': 93}
{'status': False, 'mes': 'The faces did not match'}
{'status': False, 'mes': 'The faces did not match'}
{'status': False, 'mes': 'The faces did not match'}
{'status': False, 'mes': 'The faces did not match'}
{'status': False, 'mes': 'The face was not detected, please try again!'}
{'status': False, 'mes': 'The faces did not match'}
{'status': True, 'mes': 'The faces matched', 'accuracy': 94}
{'status': True, 'mes': 'The faces matched', 'accuracy': 85}
{'status': True, 'mes': 'The faces matched', 'accuracy': 68}
{'status': True, 'mes': 'The faces matched', 'accuracy': 100}
{'status': True, 'mes': 'The faces matched', 'accuracy': 100}
{'status': False, 'mes': 'The faces did not match'}
{'status': False, 'mes': 'The faces did not match'}
{'status': False, 'mes': 'The faces did not match'}
MongoDB is running.
{'status': True, 'mes': 'The faces matched', 'accuracy': 70}
{'status': True, 'mes': 'The faces matched', 'accuracy': 79}
{'status': True, 'mes': 'The faces matched', 'accuracy': 82}
{'status': True, 'mes': 'The faces matched', 'accuracy': 76}
{'status': False, 'mes': 'The faces did not match'}
No known encodings found. Encoding new face. UID: jana
{'status': True, 'mes': 'The faces matched', 'accuracy': 100}
{'status': False, 'mes': 'The faces did not match'}
{'status': False, 'mes': 'The faces did not match'}
{'status': True, 'mes': 'The faces matched', 'accuracy': 93}
{'status': True, 'mes': 'The faces matched', 'accuracy': 100}
{'status': False, 'mes': 'More than one face detected, please try again!'}
{'status': False, 'mes': 'The face was not detected, please try again!'}
{'status': False, 'mes': 'The face was not detected, please try again!'}
{'status': True, 'mes': 'The faces matched', 'accuracy': 75}
{'status': True, 'mes': 'The faces matched', 'accuracy': 69}
{'status': True, 'mes': 'The faces matched', 'accuracy': 83}
{'status': False, 'mes': 'The faces did not match'}
{'status': False, 'mes': 'The faces did not match'}
{'status': False, 'mes': 'More than one face detected, please try again!'}
{'status': False, 'mes': 'The face was not detected, please try again!'}
{'status': False, 'mes': 'The faces did not match'}
{'status': False, 'mes': 'The faces did not match'}
{'status': False, 'mes': 'The faces did not match'}
{'status': False, 'mes': 'The faces did not match'}
{'status': True, 'mes': 'The faces matched', 'accuracy': 84}
{'status': True, 'mes': 'The faces matched', 'accuracy': 76}
MongoDB is running.
{'status': True, 'mes': 'The faces matched', 'accuracy': 75}
{'status': True, 'mes': 'The faces matched', 'accuracy': 79}
{'status': False, 'mes': 'The faces did not match'}
{'status': False, 'mes': 'The faces did not match'}
{'status': False, 'mes': 'The faces did not match'}
{'status': False, 'mes': 'More than one face detected, please try again!'}
{'status': False, 'mes': 'The faces did not match'}
{'status': False, 'mes': 'More than one face detected, please try again!'}
{'status': True, 'mes': 'The faces matched', 'accuracy': 100}
{'status': False, 'mes': 'The face was not detected, please try again!'}
{'status': False, 'mes': 'The faces did not match'}
{'status': False, 'mes': 'The faces did not match'}
{'status': True, 'mes': 'The faces matched', 'accuracy': 93}
{'status': True, 'mes': 'The faces matched', 'accuracy': 100}
{'status': False, 'mes': 'The face was not detected, please try again!'}
{'status': True, 'mes': 'The faces matched', 'accuracy': 100}
{'status': True, 'mes': 'The faces matched', 'accuracy': 80}
{'status': False, 'mes': 'The faces did not match'}
{'status': False, 'mes': 'The face was not detected, please try again!'}
{'status': False, 'mes': 'The faces did not match'}
{'status': False, 'mes': 'The faces did not match'}
{'status': False, 'mes': 'More than one face detected, please try again!'}
{'status': False, 'mes': 'The face was not detected, please try again!'}
{'status': True, 'mes': 'The faces matched', 'accuracy': 100}
{'status': True, 'mes': 'The faces matched', 'accuracy': 84}
{'status': True, 'mes': 'The faces matched', 'accuracy': 82}
